  Block.cpp
  game.cpp
c:\users\gamejam\desktop\trump-card\your last trump card\game.cpp(157): warning C4244: 'argument': conversion from 'int' to 'T', possible loss of data
          with
          [
              T=float
          ]
c:\users\gamejam\desktop\trump-card\your last trump card\game.cpp(176): warning C4244: 'argument': conversion from 'int' to 'T', possible loss of data
          with
          [
              T=float
          ]
c:\users\gamejam\desktop\trump-card\your last trump card\game.cpp(195): warning C4244: 'argument': conversion from 'int' to 'T', possible loss of data
          with
          [
              T=float
          ]
c:\users\gamejam\desktop\trump-card\your last trump card\game.cpp(214): warning C4244: 'argument': conversion from 'int' to 'T', possible loss of data
          with
          [
              T=float
          ]
  main.cpp
  Generating Code...
  Your Last Trump Card.vcxproj -> C:\Users\gamejam\Desktop\TRUMP-CARD\Your Last Trump Card\Debug\Your Last Trump Card.exe
